<?xml version="1.0" encoding="UTF-8"?>
<testsuite name="com.clonecoding.slackclone.SlackCloneApplicationTests" tests="1" skipped="0" failures="0" errors="0" timestamp="2022-07-08T01:46:26" hostname="LAPTOP-5UP8839S" time="0.238">
  <properties/>
  <testcase name="contextLoads()" classname="com.clonecoding.slackclone.SlackCloneApplicationTests" time="0.238"/>
  <system-out><![CDATA[10:46:06.815 [Test worker] DEBUG org.springframework.test.context.BootstrapUtils - Instantiating CacheAwareContextLoaderDelegate from class [org.springframework.test.context.cache.DefaultCacheAwareContextLoaderDelegate]
10:46:06.839 [Test worker] DEBUG org.springframework.test.context.BootstrapUtils - Instantiating BootstrapContext using constructor [public org.springframework.test.context.support.DefaultBootstrapContext(java.lang.Class,org.springframework.test.context.CacheAwareContextLoaderDelegate)]
10:46:06.916 [Test worker] DEBUG org.springframework.test.context.BootstrapUtils - Instantiating TestContextBootstrapper for test class [com.clonecoding.slackclone.SlackCloneApplicationTests] from class [org.springframework.boot.test.context.SpringBootTestContextBootstrapper]
10:46:06.946 [Test worker] INFO org.springframework.boot.test.context.SpringBootTestContextBootstrapper - Neither @ContextConfiguration nor @ContextHierarchy found for test class [com.clonecoding.slackclone.SlackCloneApplicationTests], using SpringBootContextLoader
10:46:06.955 [Test worker] DEBUG org.springframework.test.context.support.AbstractContextLoader - Did not detect default resource location for test class [com.clonecoding.slackclone.SlackCloneApplicationTests]: class path resource [com/clonecoding/slackclone/SlackCloneApplicationTests-context.xml] does not exist
10:46:06.957 [Test worker] DEBUG org.springframework.test.context.support.AbstractContextLoader - Did not detect default resource location for test class [com.clonecoding.slackclone.SlackCloneApplicationTests]: class path resource [com/clonecoding/slackclone/SlackCloneApplicationTestsContext.groovy] does not exist
10:46:06.957 [Test worker] INFO org.springframework.test.context.support.AbstractContextLoader - Could not detect default resource locations for test class [com.clonecoding.slackclone.SlackCloneApplicationTests]: no resource found for suffixes {-context.xml, Context.groovy}.
10:46:06.958 [Test worker] INFO org.springframework.test.context.support.AnnotationConfigContextLoaderUtils - Could not detect default configuration classes for test class [com.clonecoding.slackclone.SlackCloneApplicationTests]: SlackCloneApplicationTests does not declare any static, non-private, non-final, nested classes annotated with @Configuration.
10:46:07.059 [Test worker] DEBUG org.springframework.test.context.support.ActiveProfilesUtils - Could not find an 'annotation declaring class' for annotation type [org.springframework.test.context.ActiveProfiles] and class [com.clonecoding.slackclone.SlackCloneApplicationTests]
10:46:07.231 [Test worker] DEBUG org.springframework.context.annotation.ClassPathScanningCandidateComponentProvider - Identified candidate component class: file [C:\Users\souli\IdeaProjects\socketTest_real8\build\classes\java\main\com\clonecoding\slackclone\SlackCloneApplication.class]
10:46:07.233 [Test worker] INFO org.springframework.boot.test.context.SpringBootTestContextBootstrapper - Found @SpringBootConfiguration com.clonecoding.slackclone.SlackCloneApplication for test class com.clonecoding.slackclone.SlackCloneApplicationTests
10:46:07.463 [Test worker] DEBUG org.springframework.boot.test.context.SpringBootTestContextBootstrapper - @TestExecutionListeners is not present for class [com.clonecoding.slackclone.SlackCloneApplicationTests]: using defaults.
10:46:07.464 [Test worker] INFO org.springframework.boot.test.context.SpringBootTestContextBootstrapper - Loaded default TestExecutionListener class names from location [META-INF/spring.factories]: [org.springframework.security.test.context.support.WithSecurityContextTestExecutionListener, org.springframework.security.test.context.support.ReactorContextTestExecutionListener, org.springframework.test.context.web.ServletTestExecutionListener, org.springframework.test.context.support.DirtiesContextBeforeModesTestExecutionListener, org.springframework.test.context.event.ApplicationEventsTestExecutionListener, org.springframework.test.context.support.DependencyInjectionTestExecutionListener, org.springframework.test.context.support.DirtiesContextTestExecutionListener, org.springframework.test.context.transaction.TransactionalTestExecutionListener, org.springframework.test.context.jdbc.SqlScriptsTestExecutionListener, org.springframework.test.context.event.EventPublishingTestExecutionListener, org.springframework.boot.test.autoconfigure.restdocs.RestDocsTestExecutionListener, org.springframework.boot.test.autoconfigure.web.client.MockRestServiceServerResetTestExecutionListener, org.springframework.boot.test.autoconfigure.web.servlet.MockMvcPrintOnlyOnFailureTestExecutionListener, org.springframework.boot.test.autoconfigure.web.servlet.WebDriverTestExecutionListener, org.springframework.boot.test.autoconfigure.webservices.client.MockWebServiceServerTestExecutionListener, org.springframework.boot.test.mock.mockito.MockitoTestExecutionListener, org.springframework.boot.test.mock.mockito.ResetMocksTestExecutionListener]
10:46:07.508 [Test worker] INFO org.springframework.boot.test.context.SpringBootTestContextBootstrapper - Using TestExecutionListeners: [org.springframework.test.context.web.ServletTestExecutionListener@47a64f7d, org.springframework.test.context.support.DirtiesContextBeforeModesTestExecutionListener@33d05366, org.springframework.test.context.event.ApplicationEventsTestExecutionListener@27a0a5a2, org.springframework.boot.test.mock.mockito.MockitoTestExecutionListener@7692cd34, org.springframework.boot.test.autoconfigure.SpringBootDependencyInjectionTestExecutionListener@33aa93c, org.springframework.test.context.support.DirtiesContextTestExecutionListener@32c0915e, org.springframework.test.context.transaction.TransactionalTestExecutionListener@106faf11, org.springframework.test.context.jdbc.SqlScriptsTestExecutionListener@70f43b45, org.springframework.security.test.context.support.WithSecurityContextTestExecutionListener@26d10f2e, org.springframework.test.context.event.EventPublishingTestExecutionListener@10ad20cb, org.springframework.security.test.context.support.ReactorContextTestExecutionListener@7dd712e8, org.springframework.boot.test.autoconfigure.restdocs.RestDocsTestExecutionListener@2c282004, org.springframework.boot.test.autoconfigure.web.client.MockRestServiceServerResetTestExecutionListener@22ee2d0, org.springframework.boot.test.autoconfigure.web.servlet.MockMvcPrintOnlyOnFailureTestExecutionListener@7bfc3126, org.springframework.boot.test.autoconfigure.web.servlet.WebDriverTestExecutionListener@3e792ce3, org.springframework.boot.test.autoconfigure.webservices.client.MockWebServiceServerTestExecutionListener@53bc1328, org.springframework.boot.test.mock.mockito.ResetMocksTestExecutionListener@26f143ed]
10:46:07.516 [Test worker] DEBUG org.springframework.test.context.support.AbstractDirtiesContextTestExecutionListener - Before test class: context [DefaultTestContext@5b69fd74 testClass = SlackCloneApplicationTests, testInstance = [null], testMethod = [null], testException = [null], mergedContextConfiguration = [WebMergedContextConfiguration@f325091 testClass = SlackCloneApplicationTests, locations = '{}', classes = '{class com.clonecoding.slackclone.SlackCloneApplication}', contextInitializerClasses = '[]', activeProfiles = '{}', propertySourceLocations = '{}', propertySourceProperties = '{org.springframework.boot.test.context.SpringBootTestContextBootstrapper=true}', contextCustomizers = set[org.springframework.boot.test.autoconfigure.actuate.metrics.MetricsExportContextCustomizerFactory$DisableMetricExportContextCustomizer@4b672daa, org.springframework.boot.test.autoconfigure.properties.PropertyMappingContextCustomizer@0, org.springframework.boot.test.autoconfigure.web.servlet.WebDriverContextCustomizerFactory$Customizer@58ebfd03, org.springframework.boot.test.context.filter.ExcludeFilterContextCustomizer@6d304f9d, org.springframework.boot.test.json.DuplicateJsonObjectContextCustomizerFactory$DuplicateJsonObjectContextCustomizer@2fea7088, org.springframework.boot.test.mock.mockito.MockitoContextCustomizer@0, org.springframework.boot.test.web.client.TestRestTemplateContextCustomizer@16ecee1, org.springframework.boot.test.context.SpringBootTestArgs@1, org.springframework.boot.test.context.SpringBootTestWebEnvironment@239105a8], resourceBasePath = 'src/main/webapp', contextLoader = 'org.springframework.boot.test.context.SpringBootContextLoader', parent = [null]], attributes = map['org.springframework.test.context.web.ServletTestExecutionListener.activateListener' -> true]], class annotated with @DirtiesContext [false] with mode [null].

  .   ____          _            __ _ _
 /\\ / ___'_ __ _ _(_)_ __  __ _ \ \ \ \
( ( )\___ | '_ | '_| | '_ \/ _` | \ \ \ \
 \\/  ___)| |_)| | | | | || (_| |  ) ) ) )
  '  |____| .__|_| |_|_| |_\__, | / / / /
 =========|_|==============|___/=/_/_/_/
 :: Spring Boot ::                (v2.6.3)

2022-07-08 10:46:08.251  INFO 30120 --- [    Test worker] c.c.s.SlackCloneApplicationTests         : Starting SlackCloneApplicationTests using Java 11.0.14.1 on LAPTOP-5UP8839S with PID 30120 (started by souli in C:\Users\souli\IdeaProjects\socketTest_real8)
2022-07-08 10:46:08.253  INFO 30120 --- [    Test worker] c.c.s.SlackCloneApplicationTests         : No active profile set, falling back to default profiles: default
2022-07-08 10:46:10.209  INFO 30120 --- [    Test worker] .s.d.r.c.RepositoryConfigurationDelegate : Multiple Spring Data modules found, entering strict repository configuration mode!
2022-07-08 10:46:10.213  INFO 30120 --- [    Test worker] .s.d.r.c.RepositoryConfigurationDelegate : Bootstrapping Spring Data JPA repositories in DEFAULT mode.
2022-07-08 10:46:10.670  INFO 30120 --- [    Test worker] .s.d.r.c.RepositoryConfigurationDelegate : Finished Spring Data repository scanning in 442 ms. Found 4 JPA repository interfaces.
2022-07-08 10:46:10.700  INFO 30120 --- [    Test worker] .s.d.r.c.RepositoryConfigurationDelegate : Multiple Spring Data modules found, entering strict repository configuration mode!
2022-07-08 10:46:10.703  INFO 30120 --- [    Test worker] .s.d.r.c.RepositoryConfigurationDelegate : Bootstrapping Spring Data Redis repositories in DEFAULT mode.
2022-07-08 10:46:10.747  INFO 30120 --- [    Test worker] .RepositoryConfigurationExtensionSupport : Spring Data Redis - Could not safely identify store assignment for repository candidate interface com.clonecoding.slackclone.util.repository.ChatMessageRepository. If you want this repository to be a Redis repository, consider annotating your entities with one of these annotations: org.springframework.data.redis.core.RedisHash (preferred), or consider extending one of the following types with your repository: org.springframework.data.keyvalue.repository.KeyValueRepository.
2022-07-08 10:46:10.749  INFO 30120 --- [    Test worker] .RepositoryConfigurationExtensionSupport : Spring Data Redis - Could not safely identify store assignment for repository candidate interface com.clonecoding.slackclone.util.repository.ChatRoomRepository. If you want this repository to be a Redis repository, consider annotating your entities with one of these annotations: org.springframework.data.redis.core.RedisHash (preferred), or consider extending one of the following types with your repository: org.springframework.data.keyvalue.repository.KeyValueRepository.
2022-07-08 10:46:10.750  INFO 30120 --- [    Test worker] .RepositoryConfigurationExtensionSupport : Spring Data Redis - Could not safely identify store assignment for repository candidate interface com.clonecoding.slackclone.util.repository.MemberRepository. If you want this repository to be a Redis repository, consider annotating your entities with one of these annotations: org.springframework.data.redis.core.RedisHash (preferred), or consider extending one of the following types with your repository: org.springframework.data.keyvalue.repository.KeyValueRepository.
2022-07-08 10:46:10.752  INFO 30120 --- [    Test worker] .RepositoryConfigurationExtensionSupport : Spring Data Redis - Could not safely identify store assignment for repository candidate interface com.clonecoding.slackclone.util.repository.RefreshTokenRepository. If you want this repository to be a Redis repository, consider annotating your entities with one of these annotations: org.springframework.data.redis.core.RedisHash (preferred), or consider extending one of the following types with your repository: org.springframework.data.keyvalue.repository.KeyValueRepository.
2022-07-08 10:46:10.752  INFO 30120 --- [    Test worker] .s.d.r.c.RepositoryConfigurationDelegate : Finished Spring Data repository scanning in 30 ms. Found 0 Redis repository interfaces.
2022-07-08 10:46:12.218  INFO 30120 --- [    Test worker] com.zaxxer.hikari.HikariDataSource       : HikariPool-1 - Starting...
2022-07-08 10:46:12.759  INFO 30120 --- [    Test worker] com.zaxxer.hikari.HikariDataSource       : HikariPool-1 - Start completed.
2022-07-08 10:46:12.935  INFO 30120 --- [    Test worker] o.hibernate.jpa.internal.util.LogHelper  : HHH000204: Processing PersistenceUnitInfo [name: default]
2022-07-08 10:46:13.083  INFO 30120 --- [    Test worker] org.hibernate.Version                    : HHH000412: Hibernate ORM core version 5.6.4.Final
2022-07-08 10:46:13.627  INFO 30120 --- [    Test worker] o.hibernate.annotations.common.Version   : HCANN000001: Hibernate Commons Annotations {5.1.2.Final}
2022-07-08 10:46:14.038  INFO 30120 --- [    Test worker] org.hibernate.dialect.Dialect            : HHH000400: Using dialect: org.hibernate.dialect.H2Dialect
2022-07-08 10:46:15.708  INFO 30120 --- [    Test worker] o.h.e.t.j.p.i.JtaPlatformInitiator       : HHH000490: Using JtaPlatform implementation: [org.hibernate.engine.transaction.jta.platform.internal.NoJtaPlatform]
2022-07-08 10:46:15.728  INFO 30120 --- [    Test worker] j.LocalContainerEntityManagerFactoryBean : Initialized JPA EntityManagerFactory for persistence unit 'default'
2022-07-08 10:46:16.815  WARN 30120 --- [    Test worker] JpaBaseConfiguration$JpaWebConfiguration : spring.jpa.open-in-view is enabled by default. Therefore, database queries may be performed during view rendering. Explicitly configure spring.jpa.open-in-view to disable this warning
2022-07-08 10:46:18.011  INFO 30120 --- [    Test worker] c.c.slackclone.config.WebSocketConfig    : StompHandler Interceptor 설정 [WebSocketConfig]
2022-07-08 10:46:18.070  INFO 30120 --- [    Test worker] c.c.slackclone.config.WebSocketConfig    : /sub 발동 [WebSocketConfig]
2022-07-08 10:46:18.073  INFO 30120 --- [    Test worker] c.c.slackclone.config.WebSocketConfig    : /pub 발동 [WebSocketConfig]
2022-07-08 10:46:18.516  INFO 30120 --- [    Test worker] o.s.s.web.DefaultSecurityFilterChain     : Will secure Ant [pattern='/h2-console/**'] with []
2022-07-08 10:46:18.516  INFO 30120 --- [    Test worker] o.s.s.web.DefaultSecurityFilterChain     : Will secure Ant [pattern='/favicon.ico'] with []
2022-07-08 10:46:18.517  INFO 30120 --- [    Test worker] o.s.s.web.DefaultSecurityFilterChain     : Will secure Ant [pattern='/webjars/**'] with []
2022-07-08 10:46:18.806  INFO 30120 --- [    Test worker] o.s.s.web.DefaultSecurityFilterChain     : Will secure any request with [org.springframework.security.web.context.request.async.WebAsyncManagerIntegrationFilter@7c9b0c16, org.springframework.security.web.context.SecurityContextPersistenceFilter@6a2b6031, org.springframework.security.web.header.HeaderWriterFilter@59f56892, org.springframework.web.filter.CorsFilter@34e1c23d, org.springframework.security.web.authentication.logout.LogoutFilter@31ce271c, com.clonecoding.slackclone.jwt.JwtFilter@240fa4ad, org.springframework.security.web.savedrequest.RequestCacheAwareFilter@257e8c43, org.springframework.security.web.servletapi.SecurityContextHolderAwareRequestFilter@77587422, org.springframework.security.web.authentication.AnonymousAuthenticationFilter@4fb3c670, org.springframework.security.web.session.SessionManagementFilter@5889e697, org.springframework.security.web.access.ExceptionTranslationFilter@68e6856c, org.springframework.security.web.access.intercept.FilterSecurityInterceptor@549b26d7]
2022-07-08 10:46:20.109  INFO 30120 --- [    Test worker] o.s.b.a.h2.H2ConsoleAutoConfiguration    : H2 console available at '/h2-console'. Database available at 'jdbc:h2:mem:springcoredb'
2022-07-08 10:46:25.448 ERROR 30120 --- [ssageListener-1] o.s.d.r.l.RedisMessageListenerContainer  : Connection failure occurred. Restarting subscription task after 5000 ms
2022-07-08 10:46:26.710  INFO 30120 --- [    Test worker] o.s.m.s.b.SimpleBrokerMessageHandler     : Starting...
2022-07-08 10:46:26.710  INFO 30120 --- [    Test worker] o.s.m.s.b.SimpleBrokerMessageHandler     : BrokerAvailabilityEvent[available=true, SimpleBrokerMessageHandler [org.springframework.messaging.simp.broker.DefaultSubscriptionRegistry@2179127d]]
2022-07-08 10:46:26.712  INFO 30120 --- [    Test worker] o.s.m.s.b.SimpleBrokerMessageHandler     : Started.
2022-07-08 10:46:26.736  INFO 30120 --- [    Test worker] c.c.s.SlackCloneApplicationTests         : Started SlackCloneApplicationTests in 19.143 seconds (JVM running for 23.541)
]]></system-out>
  <system-err><![CDATA[]]></system-err>
</testsuite>
